Using pre-set license
Built from '2020.3/staging' branch; Version is '2020.3.6f1 (338bb68529b2) revision 3378102'; Using compiler version '192528614'; Build Type 'Release'
OS: 'Windows 10 Pro; OS build 19042.928; Version 2009; 64bit' Language: 'es' Physical Memory: 16306 MB
BatchMode: 1, IsHumanControllingUs: 0, StartBugReporterOnCrash: 0, Is64bit: 1, IsPro: 0

 COMMAND LINE ARGUMENTS:
C:\Program Files\Unity\Hub\Editor\2020.3.6f1\Editor\Unity.exe
-adb2
-batchMode
-noUpm
-name
AssetImportWorker0
-projectPath
C:/Users/CES/Documents/GitHub/Scopophobia_00
-logFile
Logs/AssetImportWorker0.log
-srvPort
52061
Successfully changed project path to: C:/Users/CES/Documents/GitHub/Scopophobia_00
C:/Users/CES/Documents/GitHub/Scopophobia_00
Using Asset Import Pipeline V2.
Refreshing native plugins compatible for Editor in 60.21 ms, found 0 plugins.
Preloading 0 native plugins for Editor in 0.00 ms.
Initialize engine version: 2020.3.6f1 (338bb68529b2)
[Subsystems] Discovering subsystems at path C:/Program Files/Unity/Hub/Editor/2020.3.6f1/Editor/Data/Resources/UnitySubsystems
[Subsystems] Discovering subsystems at path C:/Users/CES/Documents/GitHub/Scopophobia_00/Assets
GfxDevice: creating device client; threaded=0
Direct3D:
    Version:  Direct3D 11.0 [level 11.0]
    Renderer: NVIDIA Quadro K620 (ID=0x13bb)
    Vendor:   
    VRAM:     2007 MB
    Driver:   30.0.14.7168
Shader 'Universal Render Pipeline/Particles/Lit': fallback shader 'Universal Render Pipeline/Particles/SimpleLit' not found
Initialize mono
Mono path[0] = 'C:/Program Files/Unity/Hub/Editor/2020.3.6f1/Editor/Data/Managed'
Mono path[1] = 'C:/Program Files/Unity/Hub/Editor/2020.3.6f1/Editor/Data/MonoBleedingEdge/lib/mono/unityjit'
Mono config path = 'C:/Program Files/Unity/Hub/Editor/2020.3.6f1/Editor/Data/MonoBleedingEdge/etc'
Using monoOptions --debugger-agent=transport=dt_socket,embedding=1,server=y,suspend=n,address=127.0.0.1:56156
Begin MonoManager ReloadAssembly
Registering precompiled unity dll's ...
Register platform support module: C:/Program Files/Unity/Hub/Editor/2020.3.6f1/Editor/Data/PlaybackEngines/WindowsStandaloneSupport/UnityEditor.WindowsStandalone.Extensions.dll
Registered in 0.003143 seconds.
Native extension for WindowsStandalone target not found
Refreshing native plugins compatible for Editor in 50.29 ms, found 0 plugins.
Preloading 0 native plugins for Editor in 0.00 ms.
Mono: successfully reloaded assembly
- Completed reload, in  2.729 seconds
Platform modules already initialized, skipping
Registering precompiled user dll's ...
Registered in 0.001827 seconds.
Begin MonoManager ReloadAssembly
Native extension for WindowsStandalone target not found
Refreshing native plugins compatible for Editor in 48.95 ms, found 0 plugins.
Preloading 0 native plugins for Editor in 0.00 ms.
Mono: successfully reloaded assembly
- Completed reload, in  1.052 seconds
Platform modules already initialized, skipping
========================================================================
Worker process is ready to serve import requests
Shader 'Universal Render Pipeline/Particles/Lit': fallback shader 'Universal Render Pipeline/Particles/SimpleLit' not found
Launched and connected shader compiler UnityShaderCompiler.exe after 0.04 seconds
Refreshing native plugins compatible for Editor in 0.84 ms, found 0 plugins.
Preloading 0 native plugins for Editor in 0.00 ms.
Unloading 2453 Unused Serialized files (Serialized files now loaded: 0)
System memory in use before: 117.9 MB.
System memory in use after: 118.1 MB.

Unloading 10 unused Assets to reduce memory usage. Loaded Objects now: 2897.
Total: 2.708800 ms (FindLiveObjects: 0.483600 ms CreateObjectMapping: 0.143600 ms MarkObjects: 2.000700 ms  DeleteObjects: 0.079100 ms)

========================================================================
Received Import Request.
  path: Assets/Readme.asset
  artifactKey: Guid(83c2ed844a8c74b779a4c823d16594b1) Importer(815301076,1909f56bfc062723c751e8b465ee728b)
Start importing Assets/Readme.asset using Guid(83c2ed844a8c74b779a4c823d16594b1) Importer(815301076,1909f56bfc062723c751e8b465ee728b)  -> (artifact id: '814f4bbac30b11d82d56288dbf454709') in 0.035770 seconds
  Import took 0.041089 seconds .

========================================================================
Received Import Request.
  Time since last request: 262.146664 seconds.
  path: Assets/Scenes
  artifactKey: Guid(2069dedc6268fe74ca1f088c7a350da5) Importer(815301076,1909f56bfc062723c751e8b465ee728b)
Start importing Assets/Scenes using Guid(2069dedc6268fe74ca1f088c7a350da5) Importer(815301076,1909f56bfc062723c751e8b465ee728b)  -> (artifact id: '3205247f25e5574ba0d66027c4f2cd50') in 0.006595 seconds
  Import took 0.011412 seconds .

========================================================================
Received Import Request.
  Time since last request: 0.006570 seconds.
  path: Assets/Scenes
  artifactKey: Guid(2069dedc6268fe74ca1f088c7a350da5) Importer(815301076,1909f56bfc062723c751e8b465ee728b)
Start importing Assets/Scenes using Guid(2069dedc6268fe74ca1f088c7a350da5) Importer(815301076,1909f56bfc062723c751e8b465ee728b)  -> (artifact id: '3205247f25e5574ba0d66027c4f2cd50') in 0.002544 seconds
  Import took 0.008117 seconds .

========================================================================
Received Import Request.
  Time since last request: 1.005132 seconds.
  path: Assets/Scenes/Beta.unity
  artifactKey: Guid(d8425239746ae2a429e01c4ef44b87e2) Importer(815301076,1909f56bfc062723c751e8b465ee728b)
Start importing Assets/Scenes/Beta.unity using Guid(d8425239746ae2a429e01c4ef44b87e2) Importer(815301076,1909f56bfc062723c751e8b465ee728b)  -> (artifact id: '2205b5753726be1323dd04b8ac087779') in 0.012938 seconds
  Import took 0.017411 seconds .

========================================================================
Received Import Request.
  Time since last request: 1187.872960 seconds.
  path: Assets/PackageManager/Lamp
  artifactKey: Guid(0251670630e2d5947ac404c56b648851) Importer(815301076,1909f56bfc062723c751e8b465ee728b)
Start importing Assets/PackageManager/Lamp using Guid(0251670630e2d5947ac404c56b648851) Importer(815301076,1909f56bfc062723c751e8b465ee728b)  -> (artifact id: 'a6735b87745ea8e3231014128d1d7abb') in 0.010042 seconds
  Import took 0.015497 seconds .

========================================================================
Received Import Request.
  Time since last request: 1.013324 seconds.
  path: Assets/PackageManager/Lamp/textures
  artifactKey: Guid(fcaa2baae0e0a2f4da64261b9568a425) Importer(815301076,1909f56bfc062723c751e8b465ee728b)
Start importing Assets/PackageManager/Lamp/textures using Guid(fcaa2baae0e0a2f4da64261b9568a425) Importer(815301076,1909f56bfc062723c751e8b465ee728b)  -> (artifact id: '629618f1936b203f55cee574f2629058') in 0.009518 seconds
  Import took 0.014633 seconds .

========================================================================
Received Import Request.
  Time since last request: 0.581617 seconds.
  path: Assets/PackageManager/Lamp/source
  artifactKey: Guid(5e0737778018f3f42a5c4d9b6c5f7378) Importer(815301076,1909f56bfc062723c751e8b465ee728b)
Start importing Assets/PackageManager/Lamp/source using Guid(5e0737778018f3f42a5c4d9b6c5f7378) Importer(815301076,1909f56bfc062723c751e8b465ee728b)  -> (artifact id: 'e0df7e572c7057f8a672fa88955712b9') in 0.009805 seconds
  Import took 0.014866 seconds .

========================================================================
Received Import Request.
  Time since last request: 0.041002 seconds.
  path: Assets/PackageManager/Lamp/source/SM_Lamp_01a.fbx
  artifactKey: Guid(96c2c2f5dd8d0bc4193e46050f2373e1) Importer(815301076,1909f56bfc062723c751e8b465ee728b)
Start importing Assets/PackageManager/Lamp/source/SM_Lamp_01a.fbx using Guid(96c2c2f5dd8d0bc4193e46050f2373e1) Importer(815301076,1909f56bfc062723c751e8b465ee728b)  -> (artifact id: '638cfc2064e1a819281d8545912c7ee5') in 0.476454 seconds
  Import took 0.481987 seconds .

========================================================================
Received Import Request.
  Time since last request: 32.289179 seconds.
  path: Assets/PackageManager/Lamp/textures/Lamp_AO.tga.png
  artifactKey: Guid(20a39b60057776d4d96a9f07a27483fe) Importer(815301076,1909f56bfc062723c751e8b465ee728b)
Start importing Assets/PackageManager/Lamp/textures/Lamp_AO.tga.png using Guid(20a39b60057776d4d96a9f07a27483fe) Importer(815301076,1909f56bfc062723c751e8b465ee728b)  -> (artifact id: '6df12d7b743a9ce9f338ecdf5ba43213') in 0.128536 seconds
  Import took 0.133688 seconds .

========================================================================
Received Import Request.
  Time since last request: 0.000208 seconds.
  path: Assets/PackageManager/Lamp/textures/T_Lamp_N.tga.png
  artifactKey: Guid(5e50e55d5a700034abcde70951b6dc59) Importer(815301076,1909f56bfc062723c751e8b465ee728b)
Start importing Assets/PackageManager/Lamp/textures/T_Lamp_N.tga.png using Guid(5e50e55d5a700034abcde70951b6dc59) Importer(815301076,1909f56bfc062723c751e8b465ee728b)  -> (artifact id: '55466101971b37512b68672938ed832a') in 0.013368 seconds
  Import took 0.017409 seconds .

========================================================================
Received Import Request.
  Time since last request: 0.000178 seconds.
  path: Assets/PackageManager/Lamp/textures/Lamp_Metallic.tga.png
  artifactKey: Guid(ea3d4587a86bcb94f83e7b9c7187c7a3) Importer(815301076,1909f56bfc062723c751e8b465ee728b)
Start importing Assets/PackageManager/Lamp/textures/Lamp_Metallic.tga.png using Guid(ea3d4587a86bcb94f83e7b9c7187c7a3) Importer(815301076,1909f56bfc062723c751e8b465ee728b)  -> (artifact id: '60791034dfa797326c7501fbd99185f6') in 0.012877 seconds
  Import took 0.017126 seconds .

========================================================================
Received Import Request.
  Time since last request: 0.000223 seconds.
  path: Assets/PackageManager/Lamp/textures/Lamp_Emissive.tga.png
  artifactKey: Guid(0c8279ba27950134cad19c70e867a5f2) Importer(815301076,1909f56bfc062723c751e8b465ee728b)
Start importing Assets/PackageManager/Lamp/textures/Lamp_Emissive.tga.png using Guid(0c8279ba27950134cad19c70e867a5f2) Importer(815301076,1909f56bfc062723c751e8b465ee728b)  -> (artifact id: '3aae3a85f8f526b2beb8ff1f028280b0') in 0.014994 seconds
  Import took 0.020258 seconds .

========================================================================
Received Import Request.
  Time since last request: 0.000189 seconds.
  path: Assets/PackageManager/Lamp/textures/T_Lamp_A.tga.png
  artifactKey: Guid(9506b39da869d7e4a8b6069561ab8328) Importer(815301076,1909f56bfc062723c751e8b465ee728b)
Start importing Assets/PackageManager/Lamp/textures/T_Lamp_A.tga.png using Guid(9506b39da869d7e4a8b6069561ab8328) Importer(815301076,1909f56bfc062723c751e8b465ee728b)  -> (artifact id: 'f99d69b7b1d5634db628ca4fd73c453d') in 0.012053 seconds
  Import took 0.016844 seconds .

========================================================================
Received Import Request.
  Time since last request: 0.000185 seconds.
  path: Assets/PackageManager/Lamp/textures/Lamp_Roughness.tga.png
  artifactKey: Guid(b9a4bab691525b74eb548228f4fa144d) Importer(815301076,1909f56bfc062723c751e8b465ee728b)
Start importing Assets/PackageManager/Lamp/textures/Lamp_Roughness.tga.png using Guid(b9a4bab691525b74eb548228f4fa144d) Importer(815301076,1909f56bfc062723c751e8b465ee728b)  -> (artifact id: 'f941e946aa1e733dd89c3852d4806c47') in 0.012679 seconds
  Import took 0.017323 seconds .

========================================================================
Received Import Request.
  Time since last request: 7.582257 seconds.
  path: Assets/PackageManager/Lamp/textures/Lamp.mat
  artifactKey: Guid(840fd598472a3404395318f29c366eb8) Importer(815301076,1909f56bfc062723c751e8b465ee728b)
Start importing Assets/PackageManager/Lamp/textures/Lamp.mat using Guid(840fd598472a3404395318f29c366eb8) Importer(815301076,1909f56bfc062723c751e8b465ee728b)  -> (artifact id: '59788be4e528ffe2d4621d8aec20414a') in 0.032643 seconds
  Import took 0.037017 seconds .

========================================================================
Received Prepare
Registering precompiled user dll's ...
Registered in 0.002552 seconds.
Begin MonoManager ReloadAssembly
Native extension for WindowsStandalone target not found
Refreshing native plugins compatible for Editor in 0.89 ms, found 0 plugins.
Preloading 0 native plugins for Editor in 0.00 ms.
Mono: successfully reloaded assembly
- Completed reload, in  1.041 seconds
Platform modules already initialized, skipping
Shader 'Universal Render Pipeline/Particles/Lit': fallback shader 'Universal Render Pipeline/Particles/SimpleLit' not found
Refreshing native plugins compatible for Editor in 0.57 ms, found 0 plugins.
Preloading 0 native plugins for Editor in 0.00 ms.
Unloading 2325 Unused Serialized files (Serialized files now loaded: 0)
System memory in use before: 114.7 MB.
System memory in use after: 115.0 MB.

Unloading 5 unused Assets to reduce memory usage. Loaded Objects now: 2983.
Total: 2.285700 ms (FindLiveObjects: 0.258100 ms CreateObjectMapping: 0.115500 ms MarkObjects: 1.887200 ms  DeleteObjects: 0.023600 ms)

========================================================================
Received Import Request.
  Time since last request: 275.782426 seconds.
  path: Assets/PackageManager/sotanoBETA.fbx
  artifactKey: Guid(1c4a3f7cc34fe1a40b6f3b8c89ef962d) Importer(815301076,1909f56bfc062723c751e8b465ee728b)
Start importing Assets/PackageManager/sotanoBETA.fbx using Guid(1c4a3f7cc34fe1a40b6f3b8c89ef962d) Importer(815301076,1909f56bfc062723c751e8b465ee728b)  -> (artifact id: '38a07910aa38c5ced4e8df44f2a101a2') in 0.224508 seconds
  Import took 0.229740 seconds .

========================================================================
Received Import Request.
  Time since last request: 2.591309 seconds.
  path: Assets/PackageManager/TableLamp
  artifactKey: Guid(0e3d0489b58bf804a8fc0f22cf8b0456) Importer(815301076,1909f56bfc062723c751e8b465ee728b)
Start importing Assets/PackageManager/TableLamp using Guid(0e3d0489b58bf804a8fc0f22cf8b0456) Importer(815301076,1909f56bfc062723c751e8b465ee728b)  -> (artifact id: 'e1a4f9c0e330b0c0d1e2da3889b063ed') in 0.009451 seconds
  Import took 0.015078 seconds .

========================================================================
Received Import Request.
  Time since last request: 1.144047 seconds.
  path: Assets/PackageManager/TableLamp/source
  artifactKey: Guid(6b5cdd79dfd3ca84cba0eaff899f3172) Importer(815301076,1909f56bfc062723c751e8b465ee728b)
Start importing Assets/PackageManager/TableLamp/source using Guid(6b5cdd79dfd3ca84cba0eaff899f3172) Importer(815301076,1909f56bfc062723c751e8b465ee728b)  -> (artifact id: '878ecf15f2f4564cbe58c5965e523e2b') in 0.007261 seconds
  Import took 0.013015 seconds .

========================================================================
Received Import Request.
  Time since last request: 0.042829 seconds.
  path: Assets/PackageManager/TableLamp/source/Banker Lamp 2.fbx
  artifactKey: Guid(e1a838d2a551f8843bb82aa95def6eb2) Importer(815301076,1909f56bfc062723c751e8b465ee728b)
Start importing Assets/PackageManager/TableLamp/source/Banker Lamp 2.fbx using Guid(e1a838d2a551f8843bb82aa95def6eb2) Importer(815301076,1909f56bfc062723c751e8b465ee728b)  -> (artifact id: '5db9234e258a132d159812780546976a') in 0.036682 seconds
  Import took 0.041439 seconds .

========================================================================
Received Import Request.
  Time since last request: 27.846815 seconds.
  path: Assets/PackageManager/TableLamp/textures
  artifactKey: Guid(169896a90991f4c4d892e8e7265dd8ce) Importer(815301076,1909f56bfc062723c751e8b465ee728b)
Start importing Assets/PackageManager/TableLamp/textures using Guid(169896a90991f4c4d892e8e7265dd8ce) Importer(815301076,1909f56bfc062723c751e8b465ee728b)  -> (artifact id: '15abb3287e6f97f23ae3edd5605de298') in 0.008793 seconds
  Import took 0.014046 seconds .

========================================================================
Received Import Request.
  Time since last request: 0.043536 seconds.
  path: Assets/PackageManager/TableLamp/textures/Banker_Lamp_albedo_2.png
  artifactKey: Guid(af1611f75932a2e4d875cbe2070d7f16) Importer(815301076,1909f56bfc062723c751e8b465ee728b)
Start importing Assets/PackageManager/TableLamp/textures/Banker_Lamp_albedo_2.png using Guid(af1611f75932a2e4d875cbe2070d7f16) Importer(815301076,1909f56bfc062723c751e8b465ee728b)  -> (artifact id: 'c8ae5f8b4dc775d74e16cf2e80c22a7f') in 0.020158 seconds
  Import took 0.024954 seconds .

========================================================================
Received Import Request.
  Time since last request: 0.000226 seconds.
  path: Assets/PackageManager/TableLamp/textures/Normal.png
  artifactKey: Guid(987a600a28a6dda48b8157d1b5512bc0) Importer(815301076,1909f56bfc062723c751e8b465ee728b)
Start importing Assets/PackageManager/TableLamp/textures/Normal.png using Guid(987a600a28a6dda48b8157d1b5512bc0) Importer(815301076,1909f56bfc062723c751e8b465ee728b)  -> (artifact id: '11dfc5a969edd28223d82749c164a3e1') in 0.017152 seconds
  Import took 0.021447 seconds .

========================================================================
Received Import Request.
  Time since last request: 0.000217 seconds.
  path: Assets/PackageManager/TableLamp/textures/Banker_Lamp_roughness2.png
  artifactKey: Guid(8467e31ccc654c846a9549fc2296415f) Importer(815301076,1909f56bfc062723c751e8b465ee728b)
Start importing Assets/PackageManager/TableLamp/textures/Banker_Lamp_roughness2.png using Guid(8467e31ccc654c846a9549fc2296415f) Importer(815301076,1909f56bfc062723c751e8b465ee728b)  -> (artifact id: 'abd9972fda63c3840d999acdae473ee7') in 0.019631 seconds
  Import took 0.024633 seconds .

========================================================================
Received Import Request.
  Time since last request: 0.000238 seconds.
  path: Assets/PackageManager/TableLamp/textures/Banker_Lamp_metalness2.png
  artifactKey: Guid(2dfa948f0526748449585d2d7d5cb473) Importer(815301076,1909f56bfc062723c751e8b465ee728b)
Start importing Assets/PackageManager/TableLamp/textures/Banker_Lamp_metalness2.png using Guid(2dfa948f0526748449585d2d7d5cb473) Importer(815301076,1909f56bfc062723c751e8b465ee728b)  -> (artifact id: '532baf871c93e30a8059226e76d987f6') in 0.017436 seconds
  Import took 0.021875 seconds .

========================================================================
Received Import Request.
  Time since last request: 0.000216 seconds.
  path: Assets/PackageManager/TableLamp/textures/Banker_Lamp_ao.png
  artifactKey: Guid(a344610a56429544a977bd57eb2772e9) Importer(815301076,1909f56bfc062723c751e8b465ee728b)
Start importing Assets/PackageManager/TableLamp/textures/Banker_Lamp_ao.png using Guid(a344610a56429544a977bd57eb2772e9) Importer(815301076,1909f56bfc062723c751e8b465ee728b)  -> (artifact id: 'ffa17b28a2213319ccab41b1e0676838') in 0.014887 seconds
  Import took 0.019446 seconds .

========================================================================
Received Import Request.
  Time since last request: 0.000186 seconds.
  path: Assets/PackageManager/TableLamp/textures/BankLamp_Opacity.png
  artifactKey: Guid(36876db91163b2e40acf7ee3a8ab5b62) Importer(815301076,1909f56bfc062723c751e8b465ee728b)
Start importing Assets/PackageManager/TableLamp/textures/BankLamp_Opacity.png using Guid(36876db91163b2e40acf7ee3a8ab5b62) Importer(815301076,1909f56bfc062723c751e8b465ee728b)  -> (artifact id: 'ca0cea49e97d32f993989b08513aa5b8') in 0.023058 seconds
  Import took 0.027312 seconds .

========================================================================
Received Import Request.
  Time since last request: 0.000191 seconds.
  path: Assets/PackageManager/TableLamp/textures/BankLamp_Emissive.png
  artifactKey: Guid(680a34b3086c7fb41adc9740a2a15281) Importer(815301076,1909f56bfc062723c751e8b465ee728b)
Start importing Assets/PackageManager/TableLamp/textures/BankLamp_Emissive.png using Guid(680a34b3086c7fb41adc9740a2a15281) Importer(815301076,1909f56bfc062723c751e8b465ee728b)  -> (artifact id: '6eb431ae049ba8c4101c41ddc7b6f538') in 0.013011 seconds
  Import took 0.018063 seconds .

========================================================================
Received Import Request.
  Time since last request: 8.395065 seconds.
  path: Assets/PackageManager/TableLamp/textures/TableLamp.mat
  artifactKey: Guid(358e01a03f9d9ec478d5e75089890b6a) Importer(815301076,1909f56bfc062723c751e8b465ee728b)
Start importing Assets/PackageManager/TableLamp/textures/TableLamp.mat using Guid(358e01a03f9d9ec478d5e75089890b6a) Importer(815301076,1909f56bfc062723c751e8b465ee728b)  -> (artifact id: '6c94bf23a475d53c113a09c2f4e899f2') in 0.009518 seconds
  Import took 0.015066 seconds .

========================================================================
Received Prepare
Registering precompiled user dll's ...
Registered in 0.001876 seconds.
Begin MonoManager ReloadAssembly
Native extension for WindowsStandalone target not found
Refreshing native plugins compatible for Editor in 0.55 ms, found 0 plugins.
Preloading 0 native plugins for Editor in 0.00 ms.
Mono: successfully reloaded assembly
- Completed reload, in  0.984 seconds
Platform modules already initialized, skipping
Shader 'Universal Render Pipeline/Particles/Lit': fallback shader 'Universal Render Pipeline/Particles/SimpleLit' not found
Refreshing native plugins compatible for Editor in 0.57 ms, found 0 plugins.
Preloading 0 native plugins for Editor in 0.00 ms.
Unloading 2325 Unused Serialized files (Serialized files now loaded: 0)
System memory in use before: 114.9 MB.
System memory in use after: 115.1 MB.

Unloading 5 unused Assets to reduce memory usage. Loaded Objects now: 3022.
Total: 2.455300 ms (FindLiveObjects: 0.253700 ms CreateObjectMapping: 0.110100 ms MarkObjects: 2.074800 ms  DeleteObjects: 0.015300 ms)

========================================================================
Received Prepare
Registering precompiled user dll's ...
Registered in 0.001852 seconds.
Begin MonoManager ReloadAssembly
Native extension for WindowsStandalone target not found
Refreshing native plugins compatible for Editor in 0.75 ms, found 0 plugins.
Preloading 0 native plugins for Editor in 0.00 ms.
Mono: successfully reloaded assembly
- Completed reload, in  1.020 seconds
Platform modules already initialized, skipping
Shader 'Universal Render Pipeline/Particles/Lit': fallback shader 'Universal Render Pipeline/Particles/SimpleLit' not found
Refreshing native plugins compatible for Editor in 0.57 ms, found 0 plugins.
Preloading 0 native plugins for Editor in 0.00 ms.
Unloading 2325 Unused Serialized files (Serialized files now loaded: 0)
System memory in use before: 114.9 MB.
System memory in use after: 115.2 MB.

Unloading 5 unused Assets to reduce memory usage. Loaded Objects now: 3025.
Total: 2.364100 ms (FindLiveObjects: 0.266900 ms CreateObjectMapping: 0.113200 ms MarkObjects: 1.958500 ms  DeleteObjects: 0.023900 ms)

========================================================================
Received Prepare
Registering precompiled user dll's ...
Registered in 0.002702 seconds.
Begin MonoManager ReloadAssembly
Native extension for WindowsStandalone target not found
Refreshing native plugins compatible for Editor in 0.58 ms, found 0 plugins.
Preloading 0 native plugins for Editor in 0.00 ms.
[ScriptCompilation] NOT recompiling all scripts because this is an import worker process. Reason to compile was: Define symbols changed
Mono: successfully reloaded assembly
- Completed reload, in  1.011 seconds
Platform modules already initialized, skipping
Shader 'Universal Render Pipeline/Particles/Lit': fallback shader 'Universal Render Pipeline/Particles/SimpleLit' not found
Refreshing native plugins compatible for Editor in 0.58 ms, found 0 plugins.
Preloading 0 native plugins for Editor in 0.00 ms.
Unloading 2445 Unused Serialized files (Serialized files now loaded: 0)
System memory in use before: 123.2 MB.
System memory in use after: 121.4 MB.

Unloading 32 unused Assets to reduce memory usage. Loaded Objects now: 3121.
Total: 3.215500 ms (FindLiveObjects: 0.340800 ms CreateObjectMapping: 0.117800 ms MarkObjects: 1.999200 ms  DeleteObjects: 0.755500 ms)

========================================================================
Received Import Request.
  Time since last request: 3302.983431 seconds.
  path: Assets
  artifactKey: Guid(00000000000000001000000000000000) Importer(815301076,1909f56bfc062723c751e8b465ee728b)
Start importing Assets using Guid(00000000000000001000000000000000) Importer(815301076,1909f56bfc062723c751e8b465ee728b)  -> (artifact id: '2c602d4445bd9e0e517b9a7c882a2249') in 0.018800 seconds
  Import took 0.024499 seconds .

========================================================================
Received Import Request.
  Time since last request: 4.043747 seconds.
  path: Assets/New Folder
  artifactKey: Guid(75d851f81046d2940a038b4fe6bcf18d) Importer(815301076,1909f56bfc062723c751e8b465ee728b)
Start importing Assets/New Folder using Guid(75d851f81046d2940a038b4fe6bcf18d) Importer(815301076,1909f56bfc062723c751e8b465ee728b)  -> (artifact id: 'f0b934d0f66a989147160b881b35176f') in 0.007916 seconds
  Import took 0.012683 seconds .

========================================================================
Received Import Request.
  Time since last request: 0.000355 seconds.
  path: Assets/New Folder
  artifactKey: Guid(75d851f81046d2940a038b4fe6bcf18d) Importer(815301076,1909f56bfc062723c751e8b465ee728b)
Start importing Assets/New Folder using Guid(75d851f81046d2940a038b4fe6bcf18d) Importer(815301076,1909f56bfc062723c751e8b465ee728b)  -> (artifact id: 'f0b934d0f66a989147160b881b35176f') in 0.002620 seconds
  Import took 0.007525 seconds .

========================================================================
Received Import Request.
  Time since last request: 10.835216 seconds.
  path: Assets/New Folder/PostPorcessing.asset
  artifactKey: Guid(525c4a76a53ad044595865b2ad431268) Importer(815301076,1909f56bfc062723c751e8b465ee728b)
Start importing Assets/New Folder/PostPorcessing.asset using Guid(525c4a76a53ad044595865b2ad431268) Importer(815301076,1909f56bfc062723c751e8b465ee728b)  -> (artifact id: '714b6eba1f03cdf88debde806b6371a0') in 0.022516 seconds
  Import took 0.027044 seconds .

========================================================================
Received Import Request.
  Time since last request: 45.697238 seconds.
  path: Assets/New Folder/PostPorcessing.asset
  artifactKey: Guid(525c4a76a53ad044595865b2ad431268) Importer(815301076,1909f56bfc062723c751e8b465ee728b)
Start importing Assets/New Folder/PostPorcessing.asset using Guid(525c4a76a53ad044595865b2ad431268) Importer(815301076,1909f56bfc062723c751e8b465ee728b)  -> (artifact id: 'db3f33b511a4d47b8d29b9ee3a8b9452') in 0.006869 seconds
  Import took 0.011569 seconds .

========================================================================
Received Import Request.
  Time since last request: 41.289391 seconds.
  path: ProjectSettings/TagManager.asset
  artifactKey: Guid(00000000000000003000000000000000) Importer(815301076,1909f56bfc062723c751e8b465ee728b)
Start importing ProjectSettings/TagManager.asset using Guid(00000000000000003000000000000000) Importer(815301076,1909f56bfc062723c751e8b465ee728b)  -> (artifact id: 'a5a4832de3c8385af99c22f9cf219124') in 0.009122 seconds
  Import took 0.014379 seconds .

========================================================================
Received Import Request.
  Time since last request: 0.002509 seconds.
  path: ProjectSettings/TagManager.asset
  artifactKey: Guid(00000000000000003000000000000000) Importer(815301076,1909f56bfc062723c751e8b465ee728b)
Start importing ProjectSettings/TagManager.asset using Guid(00000000000000003000000000000000) Importer(815301076,1909f56bfc062723c751e8b465ee728b)  -> (artifact id: 'a5a4832de3c8385af99c22f9cf219124') in 0.003285 seconds
  Import took 0.007802 seconds .

========================================================================
Received Prepare
Registering precompiled user dll's ...
Registered in 0.001930 seconds.
Begin MonoManager ReloadAssembly
Native extension for WindowsStandalone target not found
Refreshing native plugins compatible for Editor in 0.58 ms, found 0 plugins.
Preloading 0 native plugins for Editor in 0.00 ms.
Mono: successfully reloaded assembly
- Completed reload, in  1.012 seconds
Platform modules already initialized, skipping
Shader 'Universal Render Pipeline/Particles/Lit': fallback shader 'Universal Render Pipeline/Particles/SimpleLit' not found
Refreshing native plugins compatible for Editor in 0.59 ms, found 0 plugins.
Preloading 0 native plugins for Editor in 0.00 ms.
Unloading 2445 Unused Serialized files (Serialized files now loaded: 0)
System memory in use before: 123.2 MB.
System memory in use after: 121.3 MB.

Unloading 34 unused Assets to reduce memory usage. Loaded Objects now: 3124.
Total: 3.057200 ms (FindLiveObjects: 0.272900 ms CreateObjectMapping: 0.144200 ms MarkObjects: 1.879700 ms  DeleteObjects: 0.759400 ms)

========================================================================
Received Import Request.
  Time since last request: 352.974005 seconds.
  path: Assets/Scripts/GameManager.cs
  artifactKey: Guid(fe26abeda2ebd5548827438d958ae480) Importer(815301076,1909f56bfc062723c751e8b465ee728b)
Start importing Assets/Scripts/GameManager.cs using Guid(fe26abeda2ebd5548827438d958ae480) Importer(815301076,1909f56bfc062723c751e8b465ee728b)  -> (artifact id: '6356d41d700bd00bb9e0232bc33d3d67') in 0.083617 seconds
  Import took 0.089439 seconds .

========================================================================
Received Prepare
Registering precompiled user dll's ...
Registered in 0.001865 seconds.
Begin MonoManager ReloadAssembly
Native extension for WindowsStandalone target not found
Refreshing native plugins compatible for Editor in 0.57 ms, found 0 plugins.
Preloading 0 native plugins for Editor in 0.00 ms.
Mono: successfully reloaded assembly
- Completed reload, in  1.004 seconds
Platform modules already initialized, skipping
Shader 'Universal Render Pipeline/Particles/Lit': fallback shader 'Universal Render Pipeline/Particles/SimpleLit' not found
Refreshing native plugins compatible for Editor in 0.59 ms, found 0 plugins.
Preloading 0 native plugins for Editor in 0.00 ms.
Unloading 2445 Unused Serialized files (Serialized files now loaded: 0)
System memory in use before: 123.3 MB.
System memory in use after: 121.4 MB.

Unloading 32 unused Assets to reduce memory usage. Loaded Objects now: 3127.
Total: 4.216100 ms (FindLiveObjects: 0.415700 ms CreateObjectMapping: 0.158100 ms MarkObjects: 2.742000 ms  DeleteObjects: 0.898900 ms)

========================================================================
Received Import Request.
  Time since last request: 31.126866 seconds.
  path: Assets/Scripts/Player
  artifactKey: Guid(1db9d9d74f209f844ae4d7fab2e456f4) Importer(815301076,1909f56bfc062723c751e8b465ee728b)
Start importing Assets/Scripts/Player using Guid(1db9d9d74f209f844ae4d7fab2e456f4) Importer(815301076,1909f56bfc062723c751e8b465ee728b)  -> (artifact id: '9d514e93d7a104b13764d666b078c9ed') in 0.014196 seconds
  Import took 0.020662 seconds .

========================================================================
Received Import Request.
  Time since last request: 1.223414 seconds.
  path: Assets/Scripts/Player/Player.cs
  artifactKey: Guid(a6f7c233ca95f934e80489dc6db72f10) Importer(815301076,1909f56bfc062723c751e8b465ee728b)
Start importing Assets/Scripts/Player/Player.cs using Guid(a6f7c233ca95f934e80489dc6db72f10) Importer(815301076,1909f56bfc062723c751e8b465ee728b)  -> (artifact id: 'e4f4bc8bd6c926e8e4066e8ec2ab5471') in 0.013231 seconds
  Import took 0.022203 seconds .

========================================================================
Received Import Request.
  Time since last request: 0.009945 seconds.
  path: Assets/Scripts/Player/Player.cs
  artifactKey: Guid(a6f7c233ca95f934e80489dc6db72f10) Importer(815301076,1909f56bfc062723c751e8b465ee728b)
Start importing Assets/Scripts/Player/Player.cs using Guid(a6f7c233ca95f934e80489dc6db72f10) Importer(815301076,1909f56bfc062723c751e8b465ee728b)  -> (artifact id: 'e4f4bc8bd6c926e8e4066e8ec2ab5471') in 0.017815 seconds
  Import took 0.027926 seconds .

========================================================================
Received Import Request.
  Time since last request: 10.652726 seconds.
  path: Assets/Scripts/Player/PlayerLook.cs
  artifactKey: Guid(60e9620affe09d74d88815a737b1dd98) Importer(815301076,1909f56bfc062723c751e8b465ee728b)
Start importing Assets/Scripts/Player/PlayerLook.cs using Guid(60e9620affe09d74d88815a737b1dd98) Importer(815301076,1909f56bfc062723c751e8b465ee728b)  -> (artifact id: '4c6e1f1d80dfc7cf8c620d7c1d9dfd21') in 0.007721 seconds
  Import took 0.013135 seconds .

========================================================================
Received Import Request.
  Time since last request: 0.000737 seconds.
  path: Assets/Scripts/Player/PlayerLook.cs
  artifactKey: Guid(60e9620affe09d74d88815a737b1dd98) Importer(815301076,1909f56bfc062723c751e8b465ee728b)
Start importing Assets/Scripts/Player/PlayerLook.cs using Guid(60e9620affe09d74d88815a737b1dd98) Importer(815301076,1909f56bfc062723c751e8b465ee728b)  -> (artifact id: '4c6e1f1d80dfc7cf8c620d7c1d9dfd21') in 0.003259 seconds
  Import took 0.008572 seconds .

========================================================================
Received Prepare
Registering precompiled user dll's ...
Registered in 0.001926 seconds.
Begin MonoManager ReloadAssembly
Native extension for WindowsStandalone target not found
Refreshing native plugins compatible for Editor in 0.59 ms, found 0 plugins.
Preloading 0 native plugins for Editor in 0.00 ms.
Mono: successfully reloaded assembly
- Completed reload, in  1.008 seconds
Platform modules already initialized, skipping
Shader 'Universal Render Pipeline/Particles/Lit': fallback shader 'Universal Render Pipeline/Particles/SimpleLit' not found
Refreshing native plugins compatible for Editor in 0.70 ms, found 0 plugins.
Preloading 0 native plugins for Editor in 0.00 ms.
Unloading 2445 Unused Serialized files (Serialized files now loaded: 0)
System memory in use before: 123.3 MB.
System memory in use after: 121.5 MB.

Unloading 32 unused Assets to reduce memory usage. Loaded Objects now: 3130.
Total: 3.021200 ms (FindLiveObjects: 0.285500 ms CreateObjectMapping: 0.116700 ms MarkObjects: 1.843800 ms  DeleteObjects: 0.773000 ms)

========================================================================
Received Prepare
Registering precompiled user dll's ...
Registered in 0.002609 seconds.
Begin MonoManager ReloadAssembly
Native extension for WindowsStandalone target not found
Refreshing native plugins compatible for Editor in 0.64 ms, found 0 plugins.
Preloading 0 native plugins for Editor in 0.00 ms.
Mono: successfully reloaded assembly
- Completed reload, in  1.031 seconds
Platform modules already initialized, skipping
Shader 'Universal Render Pipeline/Particles/Lit': fallback shader 'Universal Render Pipeline/Particles/SimpleLit' not found
Refreshing native plugins compatible for Editor in 0.60 ms, found 0 plugins.
Preloading 0 native plugins for Editor in 0.00 ms.
Unloading 2445 Unused Serialized files (Serialized files now loaded: 0)
System memory in use before: 123.3 MB.
System memory in use after: 121.5 MB.

Unloading 32 unused Assets to reduce memory usage. Loaded Objects now: 3133.
Total: 3.007400 ms (FindLiveObjects: 0.266700 ms CreateObjectMapping: 0.115700 ms MarkObjects: 1.853700 ms  DeleteObjects: 0.770100 ms)

========================================================================
Received Prepare
Registering precompiled user dll's ...
Registered in 0.002157 seconds.
Begin MonoManager ReloadAssembly
Native extension for WindowsStandalone target not found
Refreshing native plugins compatible for Editor in 0.58 ms, found 0 plugins.
Preloading 0 native plugins for Editor in 0.00 ms.
Mono: successfully reloaded assembly
- Completed reload, in  1.023 seconds
Platform modules already initialized, skipping
Shader 'Universal Render Pipeline/Particles/Lit': fallback shader 'Universal Render Pipeline/Particles/SimpleLit' not found
Refreshing native plugins compatible for Editor in 0.58 ms, found 0 plugins.
Preloading 0 native plugins for Editor in 0.00 ms.
Unloading 2445 Unused Serialized files (Serialized files now loaded: 0)
System memory in use before: 123.3 MB.
System memory in use after: 121.5 MB.

Unloading 32 unused Assets to reduce memory usage. Loaded Objects now: 3136.
Total: 3.280400 ms (FindLiveObjects: 0.299100 ms CreateObjectMapping: 0.121400 ms MarkObjects: 1.982100 ms  DeleteObjects: 0.876400 ms)

========================================================================
Received Prepare
Registering precompiled user dll's ...
Registered in 0.001882 seconds.
Begin MonoManager ReloadAssembly
Native extension for WindowsStandalone target not found
Refreshing native plugins compatible for Editor in 0.60 ms, found 0 plugins.
Preloading 0 native plugins for Editor in 0.00 ms.
Mono: successfully reloaded assembly
- Completed reload, in  0.994 seconds
Platform modules already initialized, skipping
Shader 'Universal Render Pipeline/Particles/Lit': fallback shader 'Universal Render Pipeline/Particles/SimpleLit' not found
Refreshing native plugins compatible for Editor in 0.67 ms, found 0 plugins.
Preloading 0 native plugins for Editor in 0.00 ms.
Unloading 2445 Unused Serialized files (Serialized files now loaded: 0)
System memory in use before: 123.2 MB.
System memory in use after: 121.4 MB.

Unloading 32 unused Assets to reduce memory usage. Loaded Objects now: 3139.
Total: 3.375100 ms (FindLiveObjects: 0.306000 ms CreateObjectMapping: 0.119100 ms MarkObjects: 2.149500 ms  DeleteObjects: 0.799300 ms)

========================================================================
Received Prepare
Registering precompiled user dll's ...
Registered in 0.001905 seconds.
Begin MonoManager ReloadAssembly
Native extension for WindowsStandalone target not found
Refreshing native plugins compatible for Editor in 0.61 ms, found 0 plugins.
Preloading 0 native plugins for Editor in 0.00 ms.
Mono: successfully reloaded assembly
- Completed reload, in  1.007 seconds
Platform modules already initialized, skipping
Shader 'Universal Render Pipeline/Particles/Lit': fallback shader 'Universal Render Pipeline/Particles/SimpleLit' not found
Refreshing native plugins compatible for Editor in 0.58 ms, found 0 plugins.
Preloading 0 native plugins for Editor in 0.00 ms.
Unloading 2445 Unused Serialized files (Serialized files now loaded: 0)
System memory in use before: 123.3 MB.
System memory in use after: 121.5 MB.

Unloading 32 unused Assets to reduce memory usage. Loaded Objects now: 3142.
Total: 3.123000 ms (FindLiveObjects: 0.328900 ms CreateObjectMapping: 0.113200 ms MarkObjects: 1.891100 ms  DeleteObjects: 0.788000 ms)

========================================================================
Received Prepare
Registering precompiled user dll's ...
Registered in 0.001991 seconds.
Begin MonoManager ReloadAssembly
Native extension for WindowsStandalone target not found
Refreshing native plugins compatible for Editor in 0.60 ms, found 0 plugins.
Preloading 0 native plugins for Editor in 0.00 ms.
Mono: successfully reloaded assembly
- Completed reload, in  1.000 seconds
Platform modules already initialized, skipping
Shader 'Universal Render Pipeline/Particles/Lit': fallback shader 'Universal Render Pipeline/Particles/SimpleLit' not found
Refreshing native plugins compatible for Editor in 0.58 ms, found 0 plugins.
Preloading 0 native plugins for Editor in 0.00 ms.
Unloading 2445 Unused Serialized files (Serialized files now loaded: 0)
System memory in use before: 123.3 MB.
System memory in use after: 121.5 MB.

Unloading 32 unused Assets to reduce memory usage. Loaded Objects now: 3145.
Total: 3.244800 ms (FindLiveObjects: 0.310500 ms CreateObjectMapping: 0.115600 ms MarkObjects: 2.020800 ms  DeleteObjects: 0.796300 ms)

========================================================================
Received Prepare
Registering precompiled user dll's ...
Registered in 0.001965 seconds.
Begin MonoManager ReloadAssembly
Native extension for WindowsStandalone target not found
Refreshing native plugins compatible for Editor in 0.58 ms, found 0 plugins.
Preloading 0 native plugins for Editor in 0.00 ms.
Mono: successfully reloaded assembly
- Completed reload, in  1.052 seconds
Platform modules already initialized, skipping
Shader 'Universal Render Pipeline/Particles/Lit': fallback shader 'Universal Render Pipeline/Particles/SimpleLit' not found
Refreshing native plugins compatible for Editor in 0.58 ms, found 0 plugins.
Preloading 0 native plugins for Editor in 0.00 ms.
Unloading 2445 Unused Serialized files (Serialized files now loaded: 0)
System memory in use before: 123.4 MB.
System memory in use after: 121.5 MB.

Unloading 32 unused Assets to reduce memory usage. Loaded Objects now: 3148.
Total: 3.625200 ms (FindLiveObjects: 0.424400 ms CreateObjectMapping: 0.126900 ms MarkObjects: 2.110000 ms  DeleteObjects: 0.962400 ms)

========================================================================
Received Prepare
Registering precompiled user dll's ...
Registered in 0.001924 seconds.
Begin MonoManager ReloadAssembly
Native extension for WindowsStandalone target not found
Refreshing native plugins compatible for Editor in 0.91 ms, found 0 plugins.
Preloading 0 native plugins for Editor in 0.00 ms.
Mono: successfully reloaded assembly
- Completed reload, in  1.094 seconds
Platform modules already initialized, skipping
Shader 'Universal Render Pipeline/Particles/Lit': fallback shader 'Universal Render Pipeline/Particles/SimpleLit' not found
Refreshing native plugins compatible for Editor in 0.58 ms, found 0 plugins.
Preloading 0 native plugins for Editor in 0.00 ms.
Unloading 2445 Unused Serialized files (Serialized files now loaded: 0)
System memory in use before: 123.4 MB.
System memory in use after: 121.5 MB.

Unloading 32 unused Assets to reduce memory usage. Loaded Objects now: 3151.
Total: 3.089800 ms (FindLiveObjects: 0.266800 ms CreateObjectMapping: 0.114300 ms MarkObjects: 1.927800 ms  DeleteObjects: 0.779600 ms)

========================================================================
Received Prepare
Registering precompiled user dll's ...
Registered in 0.001945 seconds.
Begin MonoManager ReloadAssembly
Native extension for WindowsStandalone target not found
Refreshing native plugins compatible for Editor in 0.60 ms, found 0 plugins.
Preloading 0 native plugins for Editor in 0.00 ms.
Mono: successfully reloaded assembly
- Completed reload, in  1.113 seconds
Platform modules already initialized, skipping
Shader 'Universal Render Pipeline/Particles/Lit': fallback shader 'Universal Render Pipeline/Particles/SimpleLit' not found
Refreshing native plugins compatible for Editor in 1.06 ms, found 0 plugins.
Preloading 0 native plugins for Editor in 0.00 ms.
Unloading 2445 Unused Serialized files (Serialized files now loaded: 0)
System memory in use before: 123.3 MB.
System memory in use after: 121.5 MB.

Unloading 32 unused Assets to reduce memory usage. Loaded Objects now: 3154.
Total: 3.161100 ms (FindLiveObjects: 0.273300 ms CreateObjectMapping: 0.115900 ms MarkObjects: 1.987700 ms  DeleteObjects: 0.782800 ms)

========================================================================
Received Prepare
Registering precompiled user dll's ...
Registered in 0.001955 seconds.
Begin MonoManager ReloadAssembly
Native extension for WindowsStandalone target not found
Refreshing native plugins compatible for Editor in 0.60 ms, found 0 plugins.
Preloading 0 native plugins for Editor in 0.00 ms.
Mono: successfully reloaded assembly
- Completed reload, in  1.003 seconds
Platform modules already initialized, skipping
Shader 'Universal Render Pipeline/Particles/Lit': fallback shader 'Universal Render Pipeline/Particles/SimpleLit' not found
Refreshing native plugins compatible for Editor in 0.61 ms, found 0 plugins.
Preloading 0 native plugins for Editor in 0.00 ms.
Unloading 2445 Unused Serialized files (Serialized files now loaded: 0)
System memory in use before: 123.4 MB.
System memory in use after: 121.6 MB.

Unloading 32 unused Assets to reduce memory usage. Loaded Objects now: 3157.
Total: 3.250500 ms (FindLiveObjects: 0.292200 ms CreateObjectMapping: 0.115000 ms MarkObjects: 2.005600 ms  DeleteObjects: 0.836100 ms)

========================================================================
Received Prepare
Registering precompiled user dll's ...
Registered in 0.001896 seconds.
Begin MonoManager ReloadAssembly
Native extension for WindowsStandalone target not found
Refreshing native plugins compatible for Editor in 0.59 ms, found 0 plugins.
Preloading 0 native plugins for Editor in 0.00 ms.
Mono: successfully reloaded assembly
- Completed reload, in  1.001 seconds
Platform modules already initialized, skipping
Shader 'Universal Render Pipeline/Particles/Lit': fallback shader 'Universal Render Pipeline/Particles/SimpleLit' not found
Refreshing native plugins compatible for Editor in 0.58 ms, found 0 plugins.
Preloading 0 native plugins for Editor in 0.00 ms.
Unloading 2445 Unused Serialized files (Serialized files now loaded: 0)
System memory in use before: 123.4 MB.
System memory in use after: 121.6 MB.

Unloading 32 unused Assets to reduce memory usage. Loaded Objects now: 3160.
Total: 11.728200 ms (FindLiveObjects: 0.985500 ms CreateObjectMapping: 0.295000 ms MarkObjects: 9.664100 ms  DeleteObjects: 0.781800 ms)

========================================================================
Received Prepare
Registering precompiled user dll's ...
Registered in 0.001906 seconds.
Begin MonoManager ReloadAssembly
Native extension for WindowsStandalone target not found
Refreshing native plugins compatible for Editor in 0.59 ms, found 0 plugins.
Preloading 0 native plugins for Editor in 0.00 ms.
Mono: successfully reloaded assembly
- Completed reload, in  0.980 seconds
Platform modules already initialized, skipping
Shader 'Universal Render Pipeline/Particles/Lit': fallback shader 'Universal Render Pipeline/Particles/SimpleLit' not found
Refreshing native plugins compatible for Editor in 0.58 ms, found 0 plugins.
Preloading 0 native plugins for Editor in 0.00 ms.
Unloading 2445 Unused Serialized files (Serialized files now loaded: 0)
System memory in use before: 123.4 MB.
System memory in use after: 121.6 MB.

Unloading 32 unused Assets to reduce memory usage. Loaded Objects now: 3163.
Total: 3.193500 ms (FindLiveObjects: 0.262900 ms CreateObjectMapping: 0.120400 ms MarkObjects: 2.006800 ms  DeleteObjects: 0.802400 ms)

========================================================================
Received Prepare
Registering precompiled user dll's ...
Registered in 0.001928 seconds.
Begin MonoManager ReloadAssembly
Native extension for WindowsStandalone target not found
Refreshing native plugins compatible for Editor in 0.58 ms, found 0 plugins.
Preloading 0 native plugins for Editor in 0.00 ms.
Mono: successfully reloaded assembly
- Completed reload, in  0.989 seconds
Platform modules already initialized, skipping
Shader 'Universal Render Pipeline/Particles/Lit': fallback shader 'Universal Render Pipeline/Particles/SimpleLit' not found
Refreshing native plugins compatible for Editor in 0.62 ms, found 0 plugins.
Preloading 0 native plugins for Editor in 0.00 ms.
Unloading 2445 Unused Serialized files (Serialized files now loaded: 0)
System memory in use before: 123.4 MB.
System memory in use after: 121.6 MB.

Unloading 32 unused Assets to reduce memory usage. Loaded Objects now: 3166.
Total: 3.025500 ms (FindLiveObjects: 0.255100 ms CreateObjectMapping: 0.114500 ms MarkObjects: 1.875900 ms  DeleteObjects: 0.779200 ms)

========================================================================
Received Prepare
Registering precompiled user dll's ...
Registered in 0.001921 seconds.
Begin MonoManager ReloadAssembly
Native extension for WindowsStandalone target not found
Refreshing native plugins compatible for Editor in 0.60 ms, found 0 plugins.
Preloading 0 native plugins for Editor in 0.00 ms.
Mono: successfully reloaded assembly
- Completed reload, in  0.990 seconds
Platform modules already initialized, skipping
Shader 'Universal Render Pipeline/Particles/Lit': fallback shader 'Universal Render Pipeline/Particles/SimpleLit' not found
Refreshing native plugins compatible for Editor in 0.58 ms, found 0 plugins.
Preloading 0 native plugins for Editor in 0.00 ms.
Unloading 2445 Unused Serialized files (Serialized files now loaded: 0)
System memory in use before: 123.3 MB.
System memory in use after: 121.5 MB.

Unloading 32 unused Assets to reduce memory usage. Loaded Objects now: 3169.
Total: 3.251300 ms (FindLiveObjects: 0.265300 ms CreateObjectMapping: 0.120800 ms MarkObjects: 2.057200 ms  DeleteObjects: 0.806700 ms)

========================================================================
Received Prepare
Registering precompiled user dll's ...
Registered in 0.001858 seconds.
Begin MonoManager ReloadAssembly
Native extension for WindowsStandalone target not found
Refreshing native plugins compatible for Editor in 0.58 ms, found 0 plugins.
Preloading 0 native plugins for Editor in 0.00 ms.
Mono: successfully reloaded assembly
- Completed reload, in  0.988 seconds
Platform modules already initialized, skipping
Shader 'Universal Render Pipeline/Particles/Lit': fallback shader 'Universal Render Pipeline/Particles/SimpleLit' not found
Refreshing native plugins compatible for Editor in 0.58 ms, found 0 plugins.
Preloading 0 native plugins for Editor in 0.00 ms.
Unloading 2445 Unused Serialized files (Serialized files now loaded: 0)
System memory in use before: 123.4 MB.
System memory in use after: 121.6 MB.

Unloading 32 unused Assets to reduce memory usage. Loaded Objects now: 3172.
Total: 3.054500 ms (FindLiveObjects: 0.255700 ms CreateObjectMapping: 0.117400 ms MarkObjects: 1.919400 ms  DeleteObjects: 0.761000 ms)

