Using pre-set license
Built from '2020.3/staging' branch; Version is '2020.3.6f1 (338bb68529b2) revision 3378102'; Using compiler version '192528614'; Build Type 'Release'
OS: 'Windows 10 Home; OS build 22621.1702; Version 2009; 64bit' Language: 'es' Physical Memory: 16228 MB
BatchMode: 1, IsHumanControllingUs: 0, StartBugReporterOnCrash: 0, Is64bit: 1, IsPro: 0

 COMMAND LINE ARGUMENTS:
C:\Program Files\Unity\Hub\Editor\2020.3.6f1\Editor\Unity.exe
-adb2
-batchMode
-noUpm
-name
AssetImportWorker0
-projectPath
C:/Users/Alex/OneDrive/Escritorio/Scopophobia_00
-logFile
Logs/AssetImportWorker0.log
-srvPort
64176
Successfully changed project path to: C:/Users/Alex/OneDrive/Escritorio/Scopophobia_00
C:/Users/Alex/OneDrive/Escritorio/Scopophobia_00
Using Asset Import Pipeline V2.
Refreshing native plugins compatible for Editor in 35.39 ms, found 0 plugins.
Preloading 0 native plugins for Editor in 0.00 ms.
Initialize engine version: 2020.3.6f1 (338bb68529b2)
[Subsystems] Discovering subsystems at path C:/Program Files/Unity/Hub/Editor/2020.3.6f1/Editor/Data/Resources/UnitySubsystems
[Subsystems] Discovering subsystems at path C:/Users/Alex/OneDrive/Escritorio/Scopophobia_00/Assets
GfxDevice: creating device client; threaded=0
Direct3D:
    Version:  Direct3D 11.0 [level 11.1]
    Renderer: NVIDIA GeForce GTX 1650 (ID=0x1f82)
    Vendor:   
    VRAM:     3962 MB
    Driver:   30.0.14.7280
Shader 'Universal Render Pipeline/Particles/Lit': fallback shader 'Universal Render Pipeline/Particles/SimpleLit' not found
Initialize mono
Mono path[0] = 'C:/Program Files/Unity/Hub/Editor/2020.3.6f1/Editor/Data/Managed'
Mono path[1] = 'C:/Program Files/Unity/Hub/Editor/2020.3.6f1/Editor/Data/MonoBleedingEdge/lib/mono/unityjit'
Mono config path = 'C:/Program Files/Unity/Hub/Editor/2020.3.6f1/Editor/Data/MonoBleedingEdge/etc'
Using monoOptions --debugger-agent=transport=dt_socket,embedding=1,server=y,suspend=n,address=127.0.0.1:56788
Begin MonoManager ReloadAssembly
Registering precompiled unity dll's ...
Register platform support module: C:/Program Files/Unity/Hub/Editor/2020.3.6f1/Editor/Data/PlaybackEngines/WindowsStandaloneSupport/UnityEditor.WindowsStandalone.Extensions.dll
Registered in 0.000856 seconds.
Native extension for WindowsStandalone target not found
Refreshing native plugins compatible for Editor in 38.32 ms, found 0 plugins.
Preloading 0 native plugins for Editor in 0.00 ms.
Mono: successfully reloaded assembly
- Completed reload, in  0.637 seconds
Platform modules already initialized, skipping
Registering precompiled user dll's ...
Registered in 0.000951 seconds.
Begin MonoManager ReloadAssembly
Native extension for WindowsStandalone target not found
Refreshing native plugins compatible for Editor in 36.03 ms, found 0 plugins.
Preloading 0 native plugins for Editor in 0.00 ms.
Mono: successfully reloaded assembly
- Completed reload, in  0.684 seconds
Platform modules already initialized, skipping
========================================================================
Worker process is ready to serve import requests
Shader 'Universal Render Pipeline/Particles/Lit': fallback shader 'Universal Render Pipeline/Particles/SimpleLit' not found
Launched and connected shader compiler UnityShaderCompiler.exe after 0.03 seconds
Refreshing native plugins compatible for Editor in 0.59 ms, found 0 plugins.
Preloading 0 native plugins for Editor in 0.00 ms.
Unloading 2725 Unused Serialized files (Serialized files now loaded: 0)
System memory in use before: 134.9 MB.
System memory in use after: 135.1 MB.

Unloading 11 unused Assets to reduce memory usage. Loaded Objects now: 3173.
Total: 1.673200 ms (FindLiveObjects: 0.165500 ms CreateObjectMapping: 0.088100 ms MarkObjects: 1.360200 ms  DeleteObjects: 0.058400 ms)

========================================================================
Received Import Request.
  path: Assets/Scripts/candado3_mapeado_lam.fbx
  artifactKey: Guid(adde96fca8c445e4cbeccc1094e56f72) Importer(815301076,1909f56bfc062723c751e8b465ee728b)
Start importing Assets/Scripts/candado3_mapeado_lam.fbx using Guid(adde96fca8c445e4cbeccc1094e56f72) Importer(815301076,1909f56bfc062723c751e8b465ee728b)  -> (artifact id: '8c3f453e55866012c7f499809cba1906') in 0.284548 seconds
  Import took 0.287723 seconds .

========================================================================
Received Import Request.
  Time since last request: 117.229457 seconds.
  path: Assets/Anims
  artifactKey: Guid(49c8ada42952d2541953ce76bb95ce0f) Importer(815301076,1909f56bfc062723c751e8b465ee728b)
Start importing Assets/Anims using Guid(49c8ada42952d2541953ce76bb95ce0f) Importer(815301076,1909f56bfc062723c751e8b465ee728b)  -> (artifact id: 'ef444cdacdabeca0ba4b8e662c0f9400') in 0.005603 seconds
  Import took 0.010122 seconds .

========================================================================
Received Import Request.
  Time since last request: 0.050136 seconds.
  path: Assets/Anims/New Material.mat
  artifactKey: Guid(597a1cfcd8add504381b86c481e2fa74) Importer(815301076,1909f56bfc062723c751e8b465ee728b)
Start importing Assets/Anims/New Material.mat using Guid(597a1cfcd8add504381b86c481e2fa74) Importer(815301076,1909f56bfc062723c751e8b465ee728b)  -> (artifact id: 'd894e8914afa853c75db181a9774d924') in 0.017639 seconds
  Import took 0.021031 seconds .

========================================================================
Received Import Request.
  Time since last request: 6.773371 seconds.
  path: Assets/Anims/Safe
  artifactKey: Guid(69e7cd965b3f04f41a6c996088898cdb) Importer(815301076,1909f56bfc062723c751e8b465ee728b)
Start importing Assets/Anims/Safe using Guid(69e7cd965b3f04f41a6c996088898cdb) Importer(815301076,1909f56bfc062723c751e8b465ee728b)  -> (artifact id: '15006bf8a5fe0c4b56c814a61bd7b257') in 0.005819 seconds
  Import took 0.009371 seconds .

========================================================================
Received Import Request.
  Time since last request: 0.002984 seconds.
  path: Assets/Anims/Safe
  artifactKey: Guid(69e7cd965b3f04f41a6c996088898cdb) Importer(815301076,1909f56bfc062723c751e8b465ee728b)
Start importing Assets/Anims/Safe using Guid(69e7cd965b3f04f41a6c996088898cdb) Importer(815301076,1909f56bfc062723c751e8b465ee728b)  -> (artifact id: '15006bf8a5fe0c4b56c814a61bd7b257') in 0.001327 seconds
  Import took 0.004441 seconds .

========================================================================
Received Import Request.
  Time since last request: 1.774009 seconds.
  path: Assets/Anims/cajaFuerte_Manivela.anim
  artifactKey: Guid(7637d6b858a8cac4b9d3ed7a75a59205) Importer(815301076,1909f56bfc062723c751e8b465ee728b)
Start importing Assets/Anims/cajaFuerte_Manivela.anim using Guid(7637d6b858a8cac4b9d3ed7a75a59205) Importer(815301076,1909f56bfc062723c751e8b465ee728b)  -> (artifact id: '26385cbe58354a0a3b68d68aa44b46b6') in 0.008355 seconds
  Import took 0.012182 seconds .

========================================================================
Received Import Request.
  Time since last request: 7.450731 seconds.
  path: Assets/Anims/Baul
  artifactKey: Guid(94490cdd3e1605e48825f09ba0b8273b) Importer(815301076,1909f56bfc062723c751e8b465ee728b)
Start importing Assets/Anims/Baul using Guid(94490cdd3e1605e48825f09ba0b8273b) Importer(815301076,1909f56bfc062723c751e8b465ee728b)  -> (artifact id: '363c10206b990a8fd9c552d19fc4bbe0') in 0.006705 seconds
  Import took 0.011361 seconds .

========================================================================
Received Import Request.
  Time since last request: 0.011338 seconds.
  path: Assets/Anims/Baul
  artifactKey: Guid(94490cdd3e1605e48825f09ba0b8273b) Importer(815301076,1909f56bfc062723c751e8b465ee728b)
Start importing Assets/Anims/Baul using Guid(94490cdd3e1605e48825f09ba0b8273b) Importer(815301076,1909f56bfc062723c751e8b465ee728b)  -> (artifact id: '363c10206b990a8fd9c552d19fc4bbe0') in 0.001853 seconds
  Import took 0.005536 seconds .

========================================================================
Received Import Request.
  Time since last request: 20.377763 seconds.
  path: Assets/Anims/Baul/Opening.controller
  artifactKey: Guid(d15162f4837732c45b5e1c7f01312dc4) Importer(815301076,1909f56bfc062723c751e8b465ee728b)
Start importing Assets/Anims/Baul/Opening.controller using Guid(d15162f4837732c45b5e1c7f01312dc4) Importer(815301076,1909f56bfc062723c751e8b465ee728b)  -> (artifact id: '2d25bc6f42e9868f3e45a808265805d4') in 0.008679 seconds
  Import took 0.011967 seconds .

========================================================================
Received Import Request.
  Time since last request: 13.673277 seconds.
  path: Assets/Anims/Baul/Baul.controller
  artifactKey: Guid(d15162f4837732c45b5e1c7f01312dc4) Importer(815301076,1909f56bfc062723c751e8b465ee728b)
Start importing Assets/Anims/Baul/Baul.controller using Guid(d15162f4837732c45b5e1c7f01312dc4) Importer(815301076,1909f56bfc062723c751e8b465ee728b)  -> (artifact id: '9efb905701686160209d54eba87a4bbb') in 0.002233 seconds
  Import took 0.005201 seconds .

========================================================================
Received Import Request.
  Time since last request: 323.834253 seconds.
  path: Assets/Anims/Baul/Opening@Baul.anim
  artifactKey: Guid(9bc456020b32a88498ea2e9afc50f90d) Importer(815301076,1909f56bfc062723c751e8b465ee728b)
Start importing Assets/Anims/Baul/Opening@Baul.anim using Guid(9bc456020b32a88498ea2e9afc50f90d) Importer(815301076,1909f56bfc062723c751e8b465ee728b)  -> (artifact id: '63a92759fd6730db05baf077f9ba7615') in 0.008561 seconds
  Import took 0.013252 seconds .

========================================================================
Received Import Request.
  Time since last request: 0.003025 seconds.
  path: Assets/Anims/Baul/Opening@Baul.anim
  artifactKey: Guid(9bc456020b32a88498ea2e9afc50f90d) Importer(815301076,1909f56bfc062723c751e8b465ee728b)
Start importing Assets/Anims/Baul/Opening@Baul.anim using Guid(9bc456020b32a88498ea2e9afc50f90d) Importer(815301076,1909f56bfc062723c751e8b465ee728b)  -> (artifact id: '63a92759fd6730db05baf077f9ba7615') in 0.002011 seconds
  Import took 0.005241 seconds .

========================================================================
Received Import Request.
  Time since last request: 20.183076 seconds.
  path: Assets/Scripts/Player/PlayerLook.cs
  artifactKey: Guid(60e9620affe09d74d88815a737b1dd98) Importer(815301076,1909f56bfc062723c751e8b465ee728b)
Start importing Assets/Scripts/Player/PlayerLook.cs using Guid(60e9620affe09d74d88815a737b1dd98) Importer(815301076,1909f56bfc062723c751e8b465ee728b)  -> (artifact id: 'e76914afb7c2924c5814ce27d5a25198') in 0.016807 seconds
  Import took 0.021396 seconds .

========================================================================
Received Import Request.
  Time since last request: 17.576469 seconds.
  path: Assets/Scripts/Candados
  artifactKey: Guid(7fcc28968ae30544088d858021f16d01) Importer(815301076,1909f56bfc062723c751e8b465ee728b)
Start importing Assets/Scripts/Candados using Guid(7fcc28968ae30544088d858021f16d01) Importer(815301076,1909f56bfc062723c751e8b465ee728b)  -> (artifact id: '1b57dfaf59bf89e2c87debeced3184dc') in 0.006299 seconds
  Import took 0.009567 seconds .

========================================================================
Received Import Request.
  Time since last request: 0.002391 seconds.
  path: Assets/Scripts/Candados
  artifactKey: Guid(7fcc28968ae30544088d858021f16d01) Importer(815301076,1909f56bfc062723c751e8b465ee728b)
Start importing Assets/Scripts/Candados using Guid(7fcc28968ae30544088d858021f16d01) Importer(815301076,1909f56bfc062723c751e8b465ee728b)  -> (artifact id: '1b57dfaf59bf89e2c87debeced3184dc') in 0.001488 seconds
  Import took 0.004804 seconds .

========================================================================
Received Import Request.
  Time since last request: 5.895135 seconds.
  path: Assets/Scripts/GameManager.cs
  artifactKey: Guid(fe26abeda2ebd5548827438d958ae480) Importer(815301076,1909f56bfc062723c751e8b465ee728b)
Start importing Assets/Scripts/GameManager.cs using Guid(fe26abeda2ebd5548827438d958ae480) Importer(815301076,1909f56bfc062723c751e8b465ee728b)  -> (artifact id: '1a8fbd0cdd28dd0af72e6d09e36d8d8d') in 0.007802 seconds
  Import took 0.013359 seconds .

========================================================================
Received Import Request.
  Time since last request: 70.869582 seconds.
  path: Assets/Scripts/GameManager.cs
  artifactKey: Guid(fe26abeda2ebd5548827438d958ae480) Importer(815301076,1909f56bfc062723c751e8b465ee728b)
Start importing Assets/Scripts/GameManager.cs using Guid(fe26abeda2ebd5548827438d958ae480) Importer(815301076,1909f56bfc062723c751e8b465ee728b)  -> (artifact id: '5887ef86f2954b474bd90bc9e1ac7f19') in 0.001816 seconds
  Import took 0.005632 seconds .

========================================================================
Received Import Request.
  Time since last request: 67.622355 seconds.
  path: Assets/Scripts/GameManager.cs
  artifactKey: Guid(fe26abeda2ebd5548827438d958ae480) Importer(815301076,1909f56bfc062723c751e8b465ee728b)
Start importing Assets/Scripts/GameManager.cs using Guid(fe26abeda2ebd5548827438d958ae480) Importer(815301076,1909f56bfc062723c751e8b465ee728b)  -> (artifact id: 'e75135dab5fbf3676dfceea25f06867b') in 0.001577 seconds
  Import took 0.005798 seconds .

========================================================================
Received Import Request.
  Time since last request: 0.001462 seconds.
  path: Assets/Scripts/GameManager.cs
  artifactKey: Guid(fe26abeda2ebd5548827438d958ae480) Importer(815301076,1909f56bfc062723c751e8b465ee728b)
Start importing Assets/Scripts/GameManager.cs using Guid(fe26abeda2ebd5548827438d958ae480) Importer(815301076,1909f56bfc062723c751e8b465ee728b)  -> (artifact id: 'e75135dab5fbf3676dfceea25f06867b') in 0.002045 seconds
  Import took 0.006095 seconds .

========================================================================
Received Import Request.
  Time since last request: 90.869151 seconds.
  path: Assets/Scripts/puzles/ContrasenhaCajaFuerte.cs
  artifactKey: Guid(230908e86fd4d114c915de2f09373a1a) Importer(815301076,1909f56bfc062723c751e8b465ee728b)
Start importing Assets/Scripts/puzles/ContrasenhaCajaFuerte.cs using Guid(230908e86fd4d114c915de2f09373a1a) Importer(815301076,1909f56bfc062723c751e8b465ee728b)  -> (artifact id: '5c8868b6bb6a63b6ff59dc57b0a9ea20') in 0.006991 seconds
  Import took 0.011203 seconds .

========================================================================
Received Prepare
Registering precompiled user dll's ...
Registered in 0.000938 seconds.
Begin MonoManager ReloadAssembly
Native extension for WindowsStandalone target not found
Refreshing native plugins compatible for Editor in 0.31 ms, found 0 plugins.
Preloading 0 native plugins for Editor in 0.00 ms.
Mono: successfully reloaded assembly
- Completed reload, in  0.656 seconds
Platform modules already initialized, skipping
Shader 'Universal Render Pipeline/Particles/Lit': fallback shader 'Universal Render Pipeline/Particles/SimpleLit' not found
Refreshing native plugins compatible for Editor in 0.32 ms, found 0 plugins.
Preloading 0 native plugins for Editor in 0.00 ms.
Unloading 2567 Unused Serialized files (Serialized files now loaded: 0)
System memory in use before: 128.7 MB.
System memory in use after: 128.9 MB.

Unloading 6 unused Assets to reduce memory usage. Loaded Objects now: 3257.
Total: 2.035600 ms (FindLiveObjects: 0.149400 ms CreateObjectMapping: 0.056100 ms MarkObjects: 1.805500 ms  DeleteObjects: 0.023400 ms)

========================================================================
Received Prepare
Registering precompiled user dll's ...
Registered in 0.000986 seconds.
Begin MonoManager ReloadAssembly
Native extension for WindowsStandalone target not found
Refreshing native plugins compatible for Editor in 0.65 ms, found 0 plugins.
Preloading 0 native plugins for Editor in 0.00 ms.
Mono: successfully reloaded assembly
- Completed reload, in  0.690 seconds
Platform modules already initialized, skipping
Shader 'Universal Render Pipeline/Particles/Lit': fallback shader 'Universal Render Pipeline/Particles/SimpleLit' not found
Refreshing native plugins compatible for Editor in 0.33 ms, found 0 plugins.
Preloading 0 native plugins for Editor in 0.00 ms.
Unloading 2567 Unused Serialized files (Serialized files now loaded: 0)
System memory in use before: 128.8 MB.
System memory in use after: 129.1 MB.

Unloading 6 unused Assets to reduce memory usage. Loaded Objects now: 3260.
Total: 1.903200 ms (FindLiveObjects: 0.248100 ms CreateObjectMapping: 0.093800 ms MarkObjects: 1.539400 ms  DeleteObjects: 0.020700 ms)

========================================================================
Received Prepare
Registering precompiled user dll's ...
Registered in 0.000861 seconds.
Begin MonoManager ReloadAssembly
Native extension for WindowsStandalone target not found
Refreshing native plugins compatible for Editor in 0.30 ms, found 0 plugins.
Preloading 0 native plugins for Editor in 0.00 ms.
Mono: successfully reloaded assembly
- Completed reload, in  0.634 seconds
Platform modules already initialized, skipping
Shader 'Universal Render Pipeline/Particles/Lit': fallback shader 'Universal Render Pipeline/Particles/SimpleLit' not found
Refreshing native plugins compatible for Editor in 0.32 ms, found 0 plugins.
Preloading 0 native plugins for Editor in 0.00 ms.
Unloading 2567 Unused Serialized files (Serialized files now loaded: 0)
System memory in use before: 128.9 MB.
System memory in use after: 129.1 MB.

Unloading 6 unused Assets to reduce memory usage. Loaded Objects now: 3263.
Total: 2.509300 ms (FindLiveObjects: 0.248300 ms CreateObjectMapping: 0.090100 ms MarkObjects: 2.142800 ms  DeleteObjects: 0.026400 ms)

========================================================================
Received Import Request.
  Time since last request: 734.327801 seconds.
  path: ProjectSettings/TagManager.asset
  artifactKey: Guid(00000000000000003000000000000000) Importer(815301076,1909f56bfc062723c751e8b465ee728b)
Start importing ProjectSettings/TagManager.asset using Guid(00000000000000003000000000000000) Importer(815301076,1909f56bfc062723c751e8b465ee728b)  -> (artifact id: '140ad6cd7188282e37f88d63ef430571') in 0.018893 seconds
  Import took 0.022841 seconds .

========================================================================
Received Prepare
Registering precompiled user dll's ...
Registered in 0.000938 seconds.
Begin MonoManager ReloadAssembly
Native extension for WindowsStandalone target not found
Refreshing native plugins compatible for Editor in 0.53 ms, found 0 plugins.
Preloading 0 native plugins for Editor in 0.00 ms.
Mono: successfully reloaded assembly
- Completed reload, in  0.632 seconds
Platform modules already initialized, skipping
Shader 'Universal Render Pipeline/Particles/Lit': fallback shader 'Universal Render Pipeline/Particles/SimpleLit' not found
Refreshing native plugins compatible for Editor in 0.47 ms, found 0 plugins.
Preloading 0 native plugins for Editor in 0.00 ms.
Unloading 2567 Unused Serialized files (Serialized files now loaded: 0)
System memory in use before: 128.9 MB.
System memory in use after: 129.1 MB.

Unloading 7 unused Assets to reduce memory usage. Loaded Objects now: 3266.
Total: 1.932500 ms (FindLiveObjects: 0.197400 ms CreateObjectMapping: 0.061400 ms MarkObjects: 1.654400 ms  DeleteObjects: 0.017700 ms)

========================================================================
Received Prepare
Registering precompiled user dll's ...
Registered in 0.000975 seconds.
Begin MonoManager ReloadAssembly
Native extension for WindowsStandalone target not found
Refreshing native plugins compatible for Editor in 0.31 ms, found 0 plugins.
Preloading 0 native plugins for Editor in 0.00 ms.
Mono: successfully reloaded assembly
- Completed reload, in  0.634 seconds
Platform modules already initialized, skipping
Shader 'Universal Render Pipeline/Particles/Lit': fallback shader 'Universal Render Pipeline/Particles/SimpleLit' not found
Refreshing native plugins compatible for Editor in 0.36 ms, found 0 plugins.
Preloading 0 native plugins for Editor in 0.00 ms.
Unloading 2567 Unused Serialized files (Serialized files now loaded: 0)
System memory in use before: 128.9 MB.
System memory in use after: 129.1 MB.

Unloading 6 unused Assets to reduce memory usage. Loaded Objects now: 3269.
Total: 1.985400 ms (FindLiveObjects: 0.181300 ms CreateObjectMapping: 0.075000 ms MarkObjects: 1.711700 ms  DeleteObjects: 0.016200 ms)

========================================================================
Received Prepare
Registering precompiled user dll's ...
Registered in 0.001162 seconds.
Begin MonoManager ReloadAssembly
Native extension for WindowsStandalone target not found
Refreshing native plugins compatible for Editor in 0.42 ms, found 0 plugins.
Preloading 0 native plugins for Editor in 0.00 ms.
Mono: successfully reloaded assembly
- Completed reload, in  0.707 seconds
Platform modules already initialized, skipping
Shader 'Universal Render Pipeline/Particles/Lit': fallback shader 'Universal Render Pipeline/Particles/SimpleLit' not found
Refreshing native plugins compatible for Editor in 0.41 ms, found 0 plugins.
Preloading 0 native plugins for Editor in 0.00 ms.
Unloading 2567 Unused Serialized files (Serialized files now loaded: 0)
System memory in use before: 128.9 MB.
System memory in use after: 129.1 MB.

Unloading 6 unused Assets to reduce memory usage. Loaded Objects now: 3272.
Total: 2.261100 ms (FindLiveObjects: 0.266400 ms CreateObjectMapping: 0.126100 ms MarkObjects: 1.851300 ms  DeleteObjects: 0.016200 ms)

========================================================================
Received Prepare
Registering precompiled user dll's ...
Registered in 0.000940 seconds.
Begin MonoManager ReloadAssembly
Native extension for WindowsStandalone target not found
Refreshing native plugins compatible for Editor in 0.48 ms, found 0 plugins.
Preloading 0 native plugins for Editor in 0.00 ms.
Mono: successfully reloaded assembly
- Completed reload, in  0.575 seconds
Platform modules already initialized, skipping
Shader 'Universal Render Pipeline/Particles/Lit': fallback shader 'Universal Render Pipeline/Particles/SimpleLit' not found
Refreshing native plugins compatible for Editor in 0.32 ms, found 0 plugins.
Preloading 0 native plugins for Editor in 0.00 ms.
Unloading 2567 Unused Serialized files (Serialized files now loaded: 0)
System memory in use before: 128.9 MB.
System memory in use after: 129.2 MB.

Unloading 6 unused Assets to reduce memory usage. Loaded Objects now: 3275.
Total: 1.941000 ms (FindLiveObjects: 0.206800 ms CreateObjectMapping: 0.091100 ms MarkObjects: 1.619600 ms  DeleteObjects: 0.021600 ms)

========================================================================
Received Prepare
Registering precompiled user dll's ...
Registered in 0.000793 seconds.
Begin MonoManager ReloadAssembly
Native extension for WindowsStandalone target not found
Refreshing native plugins compatible for Editor in 0.31 ms, found 0 plugins.
Preloading 0 native plugins for Editor in 0.00 ms.
Mono: successfully reloaded assembly
- Completed reload, in  0.566 seconds
Platform modules already initialized, skipping
Shader 'Universal Render Pipeline/Particles/Lit': fallback shader 'Universal Render Pipeline/Particles/SimpleLit' not found
Refreshing native plugins compatible for Editor in 0.45 ms, found 0 plugins.
Preloading 0 native plugins for Editor in 0.00 ms.
Unloading 2567 Unused Serialized files (Serialized files now loaded: 0)
System memory in use before: 128.9 MB.
System memory in use after: 129.2 MB.

Unloading 6 unused Assets to reduce memory usage. Loaded Objects now: 3278.
Total: 2.048200 ms (FindLiveObjects: 0.382300 ms CreateObjectMapping: 0.114100 ms MarkObjects: 1.537700 ms  DeleteObjects: 0.012700 ms)

========================================================================
Received Prepare
Registering precompiled user dll's ...
Registered in 0.000915 seconds.
Begin MonoManager ReloadAssembly
Native extension for WindowsStandalone target not found
Refreshing native plugins compatible for Editor in 0.63 ms, found 0 plugins.
Preloading 0 native plugins for Editor in 0.00 ms.
Mono: successfully reloaded assembly
- Completed reload, in  0.568 seconds
Platform modules already initialized, skipping
Shader 'Universal Render Pipeline/Particles/Lit': fallback shader 'Universal Render Pipeline/Particles/SimpleLit' not found
Refreshing native plugins compatible for Editor in 0.36 ms, found 0 plugins.
Preloading 0 native plugins for Editor in 0.00 ms.
Unloading 2567 Unused Serialized files (Serialized files now loaded: 0)
System memory in use before: 128.9 MB.
System memory in use after: 129.2 MB.

Unloading 6 unused Assets to reduce memory usage. Loaded Objects now: 3281.
Total: 1.606200 ms (FindLiveObjects: 0.175500 ms CreateObjectMapping: 0.056000 ms MarkObjects: 1.356900 ms  DeleteObjects: 0.016400 ms)

